<?xml version="1.0" encoding="UTF-8"?>
<!--
  ~ The code is copyright Â©2021
  -->

<beans xmlns="http://www.springframework.org/schema/beans">

    <!-- Override existing beans or define new bean definitions required for tests -->
    <!-- <bean id="cuba_Emailer" class="com.haulmont.cuba.testsupport.TestEmailer"/> -->
    <bean id="cuba_DbUpdateManager" class="com.haulmont.cuba.core.sys.dbupdate.DbUpdateManager"/>

</beans>
